<?xml version="1.0" encoding="UTF-8"?>
<testng-results skipped="0" failed="0" total="1" passed="1">
  <reporter-output>
    <line>
      <![CDATA[Exp title 'Welcome! | LinkedIn' matched with act title 'Welcome! | LinkedIn'.]]>
    </line>
    <line>
      <![CDATA[Exp title 'Signed Out | LinkedIn' matched with act title 'Signed Out | LinkedIn'.]]>
    </line>
    <line>
      <![CDATA[Exp title 'Welcome! | LinkedIn' matched with act title 'Welcome! | LinkedIn'.]]>
    </line>
    <line>
      <![CDATA[Exp title 'Signed Out | LinkedIn' matched with act title 'Signed Out | LinkedIn'.]]>
    </line>
  </reporter-output>
  <suite name="Suite" duration-ms="100942" started-at="2016-08-13T12:29:31Z" finished-at="2016-08-13T12:31:12Z">
    <groups>
    </groups>
    <test name="Test" duration-ms="100942" started-at="2016-08-13T12:29:31Z" finished-at="2016-08-13T12:31:12Z">
      <class name="com.learn.automation.TestCsvData">
        <test-method status="PASS" signature="csvDataRead()[pri:0, instance:com.learn.automation.TestCsvData@d6e7bab]" name="csvDataRead" duration-ms="100933" started-at="2016-08-13T12:29:31Z" finished-at="2016-08-13T12:31:12Z">
        </test-method> <!-- csvDataRead -->
      </class> <!-- com.learn.automation.TestCsvData -->
      <class name="com.learn.automation.Browser">
        <test-method status="PASS" signature="setup()[pri:0, instance:com.learn.automation.Browser@3315d2d7]" name="setup" is-config="true" duration-ms="32" started-at="2016-08-13T12:29:31Z" finished-at="2016-08-13T12:29:31Z">
        </test-method> <!-- setup -->
        <test-method status="PASS" signature="tearDown()[pri:0, instance:com.learn.automation.Browser@3315d2d7]" name="tearDown" is-config="true" duration-ms="112" started-at="2016-08-13T12:31:12Z" finished-at="2016-08-13T12:31:12Z">
        </test-method> <!-- tearDown -->
      </class> <!-- com.learn.automation.Browser -->
    </test> <!-- Test -->
  </suite> <!-- Suite -->
</testng-results>
