<?xml version="1.0" encoding="UTF-8"?>
<testng-results skipped="0" failed="0" total="1" passed="1">
  <reporter-output>
  </reporter-output>
  <suite name="Default suite" duration-ms="11944" started-at="2016-01-11T11:13:55Z" finished-at="2016-01-11T11:14:07Z">
    <groups>
    </groups>
    <test name="Default test" duration-ms="11944" started-at="2016-01-11T11:13:55Z" finished-at="2016-01-11T11:14:07Z">
      <class name="com.learn.testing.Guru99Test1">
        <test-method status="PASS" signature="setUp()[pri:0, instance:com.learn.testing.Guru99Test1@7d7c88d4]" name="setUp" is-config="true" duration-ms="4630" started-at="2016-01-11T16:43:55Z" finished-at="2016-01-11T16:43:59Z">
          <reporter-output>
          </reporter-output>
        </test-method> <!-- setUp -->
        <test-method status="PASS" signature="testGuru99Test1()[pri:0, instance:com.learn.testing.Guru99Test1@7d7c88d4]" name="testGuru99Test1" duration-ms="7223" started-at="2016-01-11T16:43:59Z" finished-at="2016-01-11T16:44:06Z">
          <reporter-output>
          </reporter-output>
        </test-method> <!-- testGuru99Test1 -->
        <test-method status="PASS" signature="tearDown()[pri:0, instance:com.learn.testing.Guru99Test1@7d7c88d4]" name="tearDown" is-config="true" duration-ms="68" started-at="2016-01-11T16:44:06Z" finished-at="2016-01-11T16:44:07Z">
          <reporter-output>
          </reporter-output>
        </test-method> <!-- tearDown -->
      </class> <!-- com.learn.testing.Guru99Test1 -->
    </test> <!-- Default test -->
  </suite> <!-- Default suite -->
</testng-results>
