<?xml version="1.0" encoding="UTF-8"?>
<testng-results skipped="0" failed="1" total="1" passed="0">
  <reporter-output>
  </reporter-output>
  <suite name="Default suite" duration-ms="5457" started-at="2016-05-08T17:22:37Z" finished-at="2016-05-08T17:22:43Z">
    <groups>
    </groups>
    <test name="Default test" duration-ms="5457" started-at="2016-05-08T17:22:37Z" finished-at="2016-05-08T17:22:43Z">
      <class name="com.learn.automation.TestCsvData">
        <test-method status="PASS" signature="setup()[pri:0, instance:com.learn.automation.TestCsvData@71a794e5]" name="setup" is-config="true" duration-ms="5427" started-at="2016-05-08T17:22:37Z" finished-at="2016-05-08T17:22:43Z">
        </test-method> <!-- setup -->
        <test-method status="FAIL" signature="csvDataRead()[pri:0, instance:com.learn.automation.TestCsvData@71a794e5]" name="csvDataRead" duration-ms="5" started-at="2016-05-08T17:22:43Z" finished-at="2016-05-08T17:22:43Z">
          <exception class="java.io.FileNotFoundException">
            <message>
              <![CDATA[/home/amit/BrowserAndURL.csv (No such file or directory)]]>
            </message>
            <full-stacktrace>
              <![CDATA[java.io.FileNotFoundException: /home/amit/BrowserAndURL.csv (No such file or directory)
	at java.io.FileInputStream.open0(Native Method)
	at java.io.FileInputStream.open(FileInputStream.java:195)
	at java.io.FileInputStream.<init>(FileInputStream.java:138)
	at java.io.FileInputStream.<init>(FileInputStream.java:93)
	at java.io.FileReader.<init>(FileReader.java:58)
	at com.learn.automation.TestCsvData.csvDataRead(TestCsvData.java:31)
	at sun.reflect.NativeMethodAccessorImpl.invoke0(Native Method)
	at sun.reflect.NativeMethodAccessorImpl.invoke(NativeMethodAccessorImpl.java:62)
	at sun.reflect.DelegatingMethodAccessorImpl.invoke(DelegatingMethodAccessorImpl.java:43)
	at java.lang.reflect.Method.invoke(Method.java:498)
	at org.testng.internal.MethodInvocationHelper.invokeMethod(MethodInvocationHelper.java:80)
	at org.testng.internal.Invoker.invokeMethod(Invoker.java:702)
	at org.testng.internal.Invoker.invokeTestMethod(Invoker.java:894)
	at org.testng.internal.Invoker.invokeTestMethods(Invoker.java:1219)
	at org.testng.internal.TestMethodWorker.invokeTestMethods(TestMethodWorker.java:127)
	at org.testng.internal.TestMethodWorker.run(TestMethodWorker.java:111)
	at org.testng.TestRunner.privateRun(TestRunner.java:768)
	at org.testng.TestRunner.run(TestRunner.java:617)
	at org.testng.SuiteRunner.runTest(SuiteRunner.java:334)
	at org.testng.SuiteRunner.runSequentially(SuiteRunner.java:329)
	at org.testng.SuiteRunner.privateRun(SuiteRunner.java:291)
	at org.testng.SuiteRunner.run(SuiteRunner.java:240)
	at org.testng.SuiteRunnerWorker.runSuite(SuiteRunnerWorker.java:53)
	at org.testng.SuiteRunnerWorker.run(SuiteRunnerWorker.java:87)
	at org.testng.TestNG.runSuitesSequentially(TestNG.java:1188)
	at org.testng.TestNG.runSuitesLocally(TestNG.java:1113)
	at org.testng.TestNG.run(TestNG.java:1025)
	at org.testng.remote.RemoteTestNG.run(RemoteTestNG.java:115)
	at org.testng.remote.RemoteTestNG.initAndRun(RemoteTestNG.java:207)
	at org.testng.remote.RemoteTestNG.main(RemoteTestNG.java:178)
]]>
            </full-stacktrace>
          </exception> <!-- java.io.FileNotFoundException -->
        </test-method> <!-- csvDataRead -->
      </class> <!-- com.learn.automation.TestCsvData -->
    </test> <!-- Default test -->
  </suite> <!-- Default suite -->
</testng-results>
